[debug] [2024-03-16T13:06:45.591Z] ----------------------------------------------------------------------
[debug] [2024-03-16T13:06:45.594Z] Command:       C:\Program Files\nodejs\node.exe C:\Users\eshwa\AppData\Roaming\npm\node_modules\firebase-tools\lib\bin\firebase.js init
[debug] [2024-03-16T13:06:45.595Z] CLI Version:   13.5.1
[debug] [2024-03-16T13:06:45.595Z] Platform:      win32
[debug] [2024-03-16T13:06:45.595Z] Node Version:  v20.11.0
[debug] [2024-03-16T13:06:45.596Z] Time:          Sat Mar 16 2024 18:36:45 GMT+0530 (India Standard Time)
[debug] [2024-03-16T13:06:45.596Z] ----------------------------------------------------------------------
[debug] 
[debug] [2024-03-16T13:06:45.603Z] > command requires scopes: ["email","openid","https://www.googleapis.com/auth/cloudplatformprojects.readonly","https://www.googleapis.com/auth/firebase","https://www.googleapis.com/auth/cloud-platform"]
[debug] [2024-03-16T13:06:45.604Z] > authorizing via signed-in user (eshwarjsetty@gmail.com)
[info] 
     ######## #### ########  ######## ########     ###     ######  ########
     ##        ##  ##     ## ##       ##     ##  ##   ##  ##       ##
     ######    ##  ########  ######   ########  #########  ######  ######
     ##        ##  ##    ##  ##       ##     ## ##     ##       ## ##
     ##       #### ##     ## ######## ########  ##     ##  ######  ########

You're about to initialize a Firebase project in this directory:

  E:\Development\React-firebase\Firebase-basics

[info] 
=== Project Setup
[info] 
[info] First, let's associate this project directory with a Firebase project.
[info] You can create multiple project aliases by running firebase use --add, 
[info] but for now we'll just set up a default project.
[info] 
[debug] [2024-03-16T13:07:34.238Z] >>> [apiv2][query] GET https://firebase.googleapis.com/v1beta1/projects pageSize=100
[debug] [2024-03-16T13:07:35.369Z] <<< [apiv2][status] GET https://firebase.googleapis.com/v1beta1/projects 200
[debug] [2024-03-16T13:07:35.369Z] <<< [apiv2][body] GET https://firebase.googleapis.com/v1beta1/projects [omitted]
[info] i  Using project fir-course-c67a0 (firebase-course) 
[info] 
=== Hosting Setup
[debug] [2024-03-16T13:07:42.956Z] >>> [apiv2][query] GET https://firebase.googleapis.com/v1beta1/projects/fir-course-c67a0 [none]
[debug] [2024-03-16T13:07:43.765Z] <<< [apiv2][status] GET https://firebase.googleapis.com/v1beta1/projects/fir-course-c67a0 200
[debug] [2024-03-16T13:07:43.766Z] <<< [apiv2][body] GET https://firebase.googleapis.com/v1beta1/projects/fir-course-c67a0 {"projectId":"fir-course-c67a0","projectNumber":"339296091094","displayName":"firebase-course","name":"projects/fir-course-c67a0","resources":{"hostingSite":"fir-course-c67a0","storageBucket":"fir-course-c67a0.appspot.com","locationId":"asia-south1"},"state":"ACTIVE","etag":"1_62fbe1fc-c123-4b1c-9c63-c8b7b66ba89e"}
[info] 
[info] Your public directory is the folder (relative to your project directory) that
[info] will contain Hosting assets to be uploaded with firebase deploy. If you
[info] have a build process for your assets, use your build's output directory.
[info] 
[info] +  Wrote public/404.html 
[debug] [2024-03-16T13:09:22.926Z] >>> [apiv2][query] GET https://www.gstatic.com/firebasejs/releases.json [none]
[debug] [2024-03-16T13:09:23.129Z] <<< [apiv2][status] GET https://www.gstatic.com/firebasejs/releases.json 200
[debug] [2024-03-16T13:09:23.129Z] <<< [apiv2][body] GET https://www.gstatic.com/firebasejs/releases.json {"current":{"version":"10.9.0","browserURL":"https://www.gstatic.com/firebasejs/10.9.0/firebase.js","packageURL":"https://www.gstatic.com/firebasejs/10.9.0/firebase.tgz"},"live":{"version":"10.9","browserURL":"https://www.gstatic.com/firebasejs/live/10.9/firebase.js","packageURL":"https://www.gstatic.com/firebasejs/live/10.9/firebase.tgz"},"components":{"analytics":"https://www.gstatic.com/firebasejs/10.9.0/firebase-analytics.js","app":"https://www.gstatic.com/firebasejs/10.9.0/firebase-app.js","app-check":"https://www.gstatic.com/firebasejs/10.9.0/firebase-app-check.js","auth":"https://www.gstatic.com/firebasejs/10.9.0/firebase-auth.js","auth/cordova":"https://www.gstatic.com/firebasejs/10.9.0/firebase-auth/cordova.js","auth/web-extension":"https://www.gstatic.com/firebasejs/10.9.0/firebase-auth/web-extension.js","functions":"https://www.gstatic.com/firebasejs/10.9.0/firebase-functions.js","firestore":"https://www.gstatic.com/firebasejs/10.9.0/firebase-firestore.js","firestore/lite":"https://www.gstatic.com/firebasejs/10.9.0/firebase-firestore/lite.js","installations":"https://www.gstatic.com/firebasejs/10.9.0/firebase-installations.js","storage":"https://www.gstatic.com/firebasejs/10.9.0/firebase-storage.js","performance":"https://www.gstatic.com/firebasejs/10.9.0/firebase-performance.js","remote-config":"https://www.gstatic.com/firebasejs/10.9.0/firebase-remote-config.js","messaging":"https://www.gstatic.com/firebasejs/10.9.0/firebase-messaging.js","messaging/sw":"https://www.gstatic.com/firebasejs/10.9.0/firebase-messaging/sw.js","database":"https://www.gstatic.com/firebasejs/10.9.0/firebase-database.js","firestore.memory":"https://www.gstatic.com/firebasejs/10.9.0/firebase-firestore.memory.js"}}
[info] +  Wrote public/index.html 
[info] 
[info] i  Didn't detect a .git folder. Assuming E:\Development\React-firebase\Firebase-basics is the project root. 
[info] i  Authorizing with GitHub to upload your service account to a GitHub repository's secrets store. 
[info] 
[info] Visit this URL on this device to log in:
[info] https://github.com/login/oauth/authorize?client_id=89cf50f02ac6aaed3484&state=97497447&redirect_uri=http%3A%2F%2Flocalhost%3A9005&scope=read%3Auser%20repo%20public_repo
[info] 
[info] Waiting for authentication...
[debug] [2024-03-16T13:09:34.573Z] >>> [apiv2][query] POST https://github.com/login/oauth/access_token [none]
[debug] [2024-03-16T13:09:34.574Z] >>> [apiv2][body] POST https://github.com/login/oauth/access_token [stream]
[debug] [2024-03-16T13:09:35.184Z] <<< [apiv2][status] POST https://github.com/login/oauth/access_token 200
[debug] [2024-03-16T13:09:35.185Z] <<< [apiv2][body] POST https://github.com/login/oauth/access_token {"access_token":"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","token_type":"bearer","scope":"read:user,repo"}
[debug] [2024-03-16T13:09:35.230Z] >>> [apiv2][query] GET https://api.github.com/user [none]
[debug] [2024-03-16T13:09:35.716Z] <<< [apiv2][status] GET https://api.github.com/user 200
[debug] [2024-03-16T13:09:35.717Z] <<< [apiv2][body] GET https://api.github.com/user {"login":"Eshwar1509","id":91658499,"node_id":"U_kgDOBXaZAw","avatar_url":"https://avatars.githubusercontent.com/u/91658499?v=4","gravatar_id":"","url":"https://api.github.com/users/Eshwar1509","html_url":"https://github.com/Eshwar1509","followers_url":"https://api.github.com/users/Eshwar1509/followers","following_url":"https://api.github.com/users/Eshwar1509/following{/other_user}","gists_url":"https://api.github.com/users/Eshwar1509/gists{/gist_id}","starred_url":"https://api.github.com/users/Eshwar1509/starred{/owner}{/repo}","subscriptions_url":"https://api.github.com/users/Eshwar1509/subscriptions","organizations_url":"https://api.github.com/users/Eshwar1509/orgs","repos_url":"https://api.github.com/users/Eshwar1509/repos","events_url":"https://api.github.com/users/Eshwar1509/events{/privacy}","received_events_url":"https://api.github.com/users/Eshwar1509/received_events","type":"User","site_admin":false,"name":"Eshwar J","company":null,"blog":"","location":null,"email":null,"hireable":null,"bio":null,"twitter_username":null,"public_repos":5,"public_gists":0,"followers":0,"following":0,"created_at":"2021-09-30T07:34:44Z","updated_at":"2024-03-10T08:10:56Z","private_gists":0,"total_private_repos":1,"owned_private_repos":1,"disk_usage":4161,"collaborators":0,"two_factor_authentication":false,"plan":{"name":"free","space":976562499,"collaborators":0,"private_repos":10000}}
[info] 
[info] +  Success! Logged into GitHub as Eshwar1509 
[info] 
